09:34 MersYeon  : a
09:44 azie      : t
09:45 azie      : ohhh
09:46 MersYeon  : dami pa kulang
09:46 azie      : sheshhhhhhh skills
09:46 azie      : ano plgins
09:46 MersYeon  : a
09:46 azie      : ohh d kita plugins pag d op
09:46 azie      : nc
09:47 azie      : ganda
09:47 MersYeon  : yes
09:47 MersYeon  : kapagod
09:47 MersYeon  : buti nalang isa lang ung pending assignment ko
09:47 MersYeon  : HAHAHAHHAHAA
09:47 azie      : hahhahahaha
09:47 MersYeon  : pero
09:48 MersYeon  : ung citizens
09:48 MersYeon  : nagkakaproblema
09:48 MersYeon  : kanina maayos naman T-T
09:48 azie      : bakit?
09:48 azie      : ano problema?
09:48 MersYeon  : ewan T-T
09:48 azie      : mag aadd ka ce/?
09:48 MersYeon  : 2am na ako nakatulog tas nagising ako ng 5 para ayusin to ng unti tas natulog ulit ako then ayon 8 na ako nagising inayos ko na to after restarts, nasira ung citizens T-T
09:48 MersYeon  : ooo
09:49 MersYeon  : oo ce
09:49 MersYeon  : inadd ko
09:49 azie      : meron na ngayon?
09:49 MersYeon  : ewan ko paano gumamit ng ce eh
09:49 azie      : t
09:49 azie      : anong ce plugin ba
09:52 azie      : t
09:53 azie      : ibang ce ata to
09:53 azie      : dko gets
09:53 MersYeon  : weh
09:53 MersYeon  : send mo saken
09:53 MersYeon  : ung ibang ce
09:53 azie      : pang rpg
09:53 azie      : to
09:54 MersYeon  : salpak ko kaya to sa server
09:54 MersYeon  : ngayobn
09:54 MersYeon  : HAHAHHAHAHAHA
09:55 azie      : d mo ba ma sesave progress nila?
09:55 azie      : ket items lang
09:55 MersYeon  : nawp
09:55 MersYeon  : de
09:55 MersYeon  : ano nalang
09:55 MersYeon  : hmmm
09:55 MersYeon  : since
09:55 MersYeon  : ay nvm
09:56 azie      : try ko muna mag hanap custom structure
09:56 azie      : t
09:56 MersYeon  : gusto ko ilagay to sa main server don nalang tayo kumonnect
09:56 MersYeon  : off ko muna
09:56 azie      : pede naman
09:56 MersYeon  : sigee
09:56 MersYeon  : chat mo saken
09:56 MersYeon  : ung ce
09:56 MersYeon  : para maireplace ko
09:56 azie      : parang maganda naman tong ce na to
09:57 azie      : pang rpg
09:57 MersYeon  : tsaka
09:57 MersYeon  : baka ahh
09:57 azie      : baka?
09:57 MersYeon  : nagugulo ako
09:57 MersYeon  : de survival nalang to
09:57 MersYeon  : soon ko na irelease
09:57 azie      : sayang naman
09:57 MersYeon  : in development palang to
09:57 azie      : ganda sana
09:58 MersYeon  : d pa tapos eh :(
09:58 azie      : sabagay
09:58 MersYeon  : may marami pang sira T-T
09:59 MersYeon  : off ko muna tas maliligo ako habang nagtatrtansfer
09:59 azie      : gege
11:05 MersYeon  : cancel
11:59 MersYeon  : exit
12:01 MersYeon  : ta
12:42 MersYeon  : aa
12:43 MersYeon  : a
12:43 MersYeon  : wait
12:54 MersYeon  : pl
12:56 MersYeon  : hi
12:56 azie      : ahh sa lifesteal pala
12:56 MersYeon  : oo pero
12:56 MersYeon  : iibaghin ko
12:56 azie      : t
12:56 MersYeon  : d to lifesteal
12:57 MersYeon  : sinet ko lang doon
12:57 azie      : yea
12:57 MersYeon  : hahaha
12:57 azie      : kaya pala dko mahanap bagong survival hahahaha
12:57 azie      : bustamine?
12:58 MersYeon  : ewan
12:58 MersYeon  : hahahaha
12:58 MersYeon  : i think ano sya
12:58 MersYeon  : auto money
12:59 azie      : ahh
12:59 azie      : d ko gets hahahaha
12:59 MersYeon  : ay hindi
12:59 MersYeon  : mag bebet pala
13:00 MersYeon  : ok
13:00 azie      : ou parang yung sa mga pasugalan online
13:00 MersYeon  : yes
13:00 MersYeon  : kung ano ano nalangp inaglalagy ko eh
13:00 MersYeon  : HAHAHAHA
13:00 azie      : hahahaha
13:01 azie      : apaka angas
13:01 MersYeon  : ano yan
13:01 azie      : hahahaha
13:01 MersYeon  : ung ce?
13:01 azie      : ,/gkit
13:01 azie      : yes
13:01 azie      : suotin mo
13:02 MersYeon  : ahhaha
13:02 MersYeon  : check mo ung pvp arena
13:03 azie      : nc
13:03 MersYeon  : kelan ko kaya pwede irelease?
13:03 MersYeon  : jkakastart lng kasi ng survcival
13:03 MersYeon  : new reset nanaman
13:03 azie      : yah
13:03 azie      : ano nalang
13:03 azie      : compensate
13:03 azie      : hahahaa
13:04 MersYeon  : anong compensate
13:04 azie      : bigyan nalang sila item, pambawi ganun
13:04 MersYeon  : eh
13:04 MersYeon  : d na
13:04 MersYeon  : next month nalang
13:04 MersYeon  : d pa naman to tapos
13:04 MersYeon  : need ko pa ayusin ung
13:04 azie      : sabagay
13:04 MersYeon  : citizens
13:05 azie      : what if eto nalang lifesteal
13:05 azie      : hahahahha
13:08 MersYeon  : Are you saying that you don't appreciate my effort? :(
13:08 azie      : ha hahahahahaa
13:09 MersYeon  : okay na to beh
13:10 MersYeon  : andito aksi mga suggestions nila
13:10 MersYeon  : kung sinalpak ko naman sa main survival
13:10 MersYeon  : edi magkakaproblema
13:10 MersYeon  : :(
13:10 MersYeon  : kaya gumawa ako ng bago
13:11 MersYeon  : bili ba ko bagong tablet
13:11 MersYeon  : hahahaha
13:11 azie      : hahahha para san
13:12 MersYeon  : kakabili lng ng bagong laptop bibili pa ng tablet
13:12 MersYeon  : HAHAHAH EWAN KO
13:12 azie      : hahahaha
13:12 MersYeon  : kailangan ko na matulog ng maayos :( nagkakatigyawat nanaman ako :(
13:12 azie      : HAHAHAHAHHA
13:12 azie      : ohh bounty
13:13 MersYeon  : alam mo paaon?
13:13 MersYeon  : paano?
13:13 azie      : ang?
13:13 MersYeon  : bounty
13:13 azie      : d masyado
13:13 azie      : maganda to sa lifesteal
13:13 azie      : or faction
13:13 MersYeon  : hmm
13:13 MersYeon  : faction
13:13 MersYeon  : ongan o
13:14 MersYeon  : faction kaya?
13:14 azie      : yun nga eh
13:14 MersYeon  : pwede
13:14 azie      : kaso mas na hahype sila sa lifesteal
13:14 azie      : mga bata
13:14 MersYeon  : eh d nga ako marunong sa lifesteal eh. HAHAHAHHAHA wala akong alam don
13:14 MersYeon  : tsaka first time ko lng makarinig ng gamemode na un
13:14 azie      : parang faction lang din yun
13:14 MersYeon  : d nmn kasi ako pvp na bading
13:14 azie      : ahahahaahaha
13:15 MersYeon  : pero tignan naten
13:15 azie      : pero i think mas maganda kong lifesteal muna
13:15 azie      : madaming nag iiyakan sa faction
13:15 MersYeon  : balak ko kasi survival to, tas siguro ung isang survival, gawin nalang lifesteal or factions
13:15 azie      : ohhh
13:15 azie      : pedeee
13:15 MersYeon  : andito na kasi ung gawa ko
13:16 azie      : pede
13:16 azie      : poll?
13:16 azie      : pa poll ka, if G sila
13:17 MersYeon  : ikaw na
13:17 MersYeon  : bigyan ktia access
13:17 azie      : g
13:19 MersYeon  : de baka ano lang
13:20 MersYeon  : gusto kasi ng iba lifesteal eh
13:20 MersYeon  : pero idea ko is factions
13:20 MersYeon  : eh sundan ko nalang ung gusto nila
13:20 MersYeon  : im an open book
13:20 MersYeon  : yes
13:20 MersYeon  : yes
13:20 MersYeon  : oh absolutely
13:21 MersYeon  : oo beh
13:21 MersYeon  : bakit naman nakacreative
13:21 azie      : hmmm
13:21 MersYeon  : hindi, iba un.
13:21 azie      : i think pag mag lifesteal maganda alisin claimblocks
13:21 MersYeon  : ay pag lifesteal ba may paclaim claim? alam ko walana eh
13:24 azie      : mers pa edit ng msg ko, lagyan mo everone
13:24 azie      : yeah lifesteal
13:25 MersYeon  : beh
13:25 MersYeon  : d nmn agad
13:25 azie      : yan yun dos, pag namatay mababawasan
13:26 MersYeon  : kunt ilng
13:26 MersYeon  : HAHAHAHHAHA
13:26 azie      : hahahahah
13:27 MersYeon  : oo hayaan mo sila
13:27 MersYeon  : rta
13:27 MersYeon  : exit
13:28 MersYeon  : exit
13:28 MersYeon  : ay
13:28 azie      : ang init ng earth
13:29 MersYeon  : ung votes pala aayusin ko
13:51 MersYeon  : WELCOME
13:51 MersYeon  : may head
13:51 MersYeon  : sa inv nyo
13:51 emman     : yea
13:51 Chestzyyy : lupet
13:51 emman     : ayus to
13:51 Chestzyyy : angas gui
13:51 MersYeon  : dami pang kulang
13:52 MersYeon  : kaya next time ko pa irerelease
13:52 MersYeon  : may crazy enchants rin dito
13:52 emman     : ganda neto
13:52 MersYeon  : playershops
13:52 MersYeon  : tas may shopgui na rin
13:52 MersYeon  : ginagawak o pa
13:52 MersYeon  : oaky ba?
13:52 emman     : oo
13:53 MersYeon  : excited na ko irelease pero next time pa
13:53 MersYeon  : HAHAHAHHA
13:53 emman     : hahahaha
13:53 MersYeon  : sayang citizens eh
13:54 MersYeon  : d nagana dito
13:54 MersYeon  : d updated :(
13:54 emman     : sayang
14:13 Gerona    : Ohhh
14:13 Gerona    : By the way, Can I redeem my safari net again when you get on?
14:15 Gerona    : oki
16:35 MersYeon  : test
16:35 MersYeon  : test
16:35 MersYeon  : test
16:35 MersYeon  : test
16:35 MersYeon  : a
16:35 MersYeon  : aa
16:36 MersYeon  : test
16:40 MersYeon  : test
