[23:24:52] [ServerMain/INFO]: Environment: authHost='https://authserver.mojang.com', accountsHost='https://api.mojang.com', sessionHost='https://sessionserver.mojang.com', servicesHost='https://api.minecraftservices.com', name='PROD'
[23:24:53] [ServerMain/INFO]: Found new data pack file/bukkit, loading it automatically
[23:24:53] [ServerMain/WARN]: Failed to parse level-type default, defaulting to minecraft:normal
[23:24:54] [ServerMain/INFO]: Loaded 7 recipes
[23:24:55] [Server thread/INFO]: Starting minecraft server version 1.20.1
[23:24:55] [Server thread/INFO]: Loading properties
[23:24:55] [Server thread/INFO]: This server is running Purpur version git-Purpur-2062 (MC: 1.20.1) (Implementing API version 1.20.1-R0.1-SNAPSHOT) (Git: f6fd5f6 on HEAD)
[23:24:56] [Server thread/INFO]: Using 4 threads for Netty based IO
[23:24:56] [Server thread/INFO]: Server Ping Player Sample Count: 12
[23:24:56] [Server thread/INFO]: [ChunkTaskScheduler] Chunk system is using 1 I/O threads, 2 worker threads, and gen parallelism of 2 threads
[23:24:56] [Server thread/WARN]: [Pufferfish] Will not enable SIMD! These optimizations are only safely supported on Java 17, Java 18, and Java 19.
[23:24:56] [Server thread/INFO]: Default game type: SURVIVAL
[23:24:56] [Server thread/INFO]: Generating keypair
[23:24:56] [Server thread/INFO]: Starting Minecraft server on *:25565
[23:24:56] [Server thread/INFO]: Using default channel type
[23:24:57] [Server thread/INFO]: Paper: Using Java compression from Velocity.
[23:24:57] [Server thread/INFO]: Paper: Using Java cipher from Velocity.
[23:24:57] [Server thread/INFO]: [spark] Loading server plugin spark v1.10.59
[23:24:57] [Server thread/WARN]: **** SERVER IS RUNNING IN OFFLINE/INSECURE MODE!
[23:24:57] [Server thread/WARN]: The server will make no attempt to authenticate usernames. Beware.
[23:24:57] [Server thread/WARN]: While this makes the game possible to play without internet access, it also opens up the ability for hackers to connect with any username they choose.
[23:24:57] [Server thread/WARN]: To change this, set "online-mode" to "true" in the server.properties file.
[23:24:57] [Server thread/INFO]: Preparing level "world"
[23:24:57] [Server thread/WARN]: Failed to parse level-type default, defaulting to minecraft:normal
[23:25:01] [Server thread/WARN]: Failed to parse level-type default, defaulting to minecraft:normal
[23:25:02] [Server thread/WARN]: Failed to parse level-type default, defaulting to minecraft:normal
[23:25:02] [Server thread/INFO]: Preparing start region for dimension minecraft:overworld
[23:25:02] [Server thread/INFO]: Time elapsed: 64 ms
[23:25:02] [Server thread/INFO]: Preparing start region for dimension minecraft:the_nether
[23:25:02] [Server thread/INFO]: Time elapsed: 46 ms
[23:25:02] [Server thread/INFO]: Preparing start region for dimension minecraft:the_end
[23:25:02] [Server thread/INFO]: Time elapsed: 43 ms
[23:25:02] [Server thread/INFO]: [spark] Enabling spark v1.10.59
[23:25:03] [Server thread/INFO]: [spark] Using Paper ServerTickStartEvent for tick monitoring
[23:25:03] [Server thread/INFO]: [spark] Starting background profiler...
[23:25:03] [Server thread/INFO]: [spark] The async-profiler engine is not supported for your os/arch (windows11/amd64), so the built-in Java engine will be used instead.
[23:25:03] [Server thread/INFO]: Starting GS4 status listener
[23:25:03] [Server thread/INFO]: Thread Query Listener started
[23:25:03] [Query Listener #1/INFO]: Query running on 0.0.0.0:25565
[23:25:03] [Server thread/INFO]: JMX monitoring enabled
[23:25:03] [Server thread/INFO]: Running delayed init tasks
[23:25:03] [Server thread/INFO]: Done (8.478s)! For help, type "help"
[23:25:11] [Server thread/INFO]: Stopping the server
[23:25:11] [Server thread/INFO]: Stopping server
[23:25:11] [Server thread/INFO]: [spark] Disabling spark v1.10.59
[23:25:11] [Server thread/INFO]: Saving players
[23:25:11] [Server thread/INFO]: Saving worlds
[23:25:11] [Server thread/INFO]: Saving chunks for level 'ServerLevel[world]'/minecraft:overworld
[23:25:11] [Server thread/INFO]: [ChunkHolderManager] Waiting 60s for chunk system to halt for world 'world'
[23:25:11] [Server thread/INFO]: [ChunkHolderManager] Halted chunk system for world 'world'
[23:25:11] [Server thread/INFO]: [ChunkHolderManager] Saving all chunkholders for world 'world'
[23:25:13] [Server thread/INFO]: [ChunkHolderManager] Saved 1580 block chunks, 1 entity chunks, 0 poi chunks in world 'world' in 1.17s
[23:25:13] [Server thread/INFO]: ThreadedAnvilChunkStorage (world): All chunks are saved
[23:25:13] [Server thread/INFO]: Saving chunks for level 'ServerLevel[world_nether]'/minecraft:the_nether
[23:25:13] [Server thread/INFO]: [ChunkHolderManager] Waiting 60s for chunk system to halt for world 'world_nether'
[23:25:13] [Server thread/INFO]: [ChunkHolderManager] Halted chunk system for world 'world_nether'
[23:25:13] [Server thread/INFO]: [ChunkHolderManager] Saving all chunkholders for world 'world_nether'
[23:25:13] [Server thread/INFO]: [ChunkHolderManager] Saved 1681 block chunks, 1 entity chunks, 0 poi chunks in world 'world_nether' in 0.61s
[23:25:13] [Server thread/INFO]: ThreadedAnvilChunkStorage (DIM-1): All chunks are saved
[23:25:13] [Server thread/INFO]: Saving chunks for level 'ServerLevel[world_the_end]'/minecraft:the_end
[23:25:13] [Server thread/INFO]: [ChunkHolderManager] Waiting 60s for chunk system to halt for world 'world_the_end'
[23:25:13] [Server thread/INFO]: [ChunkHolderManager] Halted chunk system for world 'world_the_end'
[23:25:13] [Server thread/INFO]: [ChunkHolderManager] Saving all chunkholders for world 'world_the_end'
[23:25:14] [Server thread/INFO]: [ChunkHolderManager] Saved 2025 block chunks, 529 entity chunks, 0 poi chunks in world 'world_the_end' in 0.42s
[23:25:14] [Server thread/INFO]: ThreadedAnvilChunkStorage (DIM1): All chunks are saved
[23:25:14] [Server thread/INFO]: ThreadedAnvilChunkStorage: All dimensions are saved
[23:25:14] [Server thread/INFO]: Flushing Chunk IO
[23:25:14] [Server thread/INFO]: Closing Thread Pool
[23:25:14] [Server thread/INFO]: Closing Server
